<?xml version="1.0" encoding="UTF-8"?>
<!-- Generated by org.testng.reporters.JUnitReportReporter -->
<testsuite hostname="DESKTOP-AJNVIH5" failures="0" tests="1" name="org.dooctiadmin.test.UsersGroups_Test" time="8.465" errors="0" timestamp="2024-03-07T12:27:57 IST" skipped="0">
  <testcase classname="org.dooctiadmin.test.UsersGroups_Test" name="User_Update" time="8.465"/>
  <system-out/>
</testsuite> <!-- org.dooctiadmin.test.UsersGroups_Test -->
