<?xml version="1.0" encoding="UTF-8"?>
<!-- Generated by org.testng.reporters.JUnitReportReporter -->
<testsuite hostname="DESKTOP-AJNVIH5" failures="0" tests="1" name="org.dooctiadmin.test.ConfigCreation_Test" time="6.929" errors="0" timestamp="2024-03-04T12:06:44 IST" skipped="0">
  <testcase classname="org.dooctiadmin.test.ConfigCreation_Test" name="MeetingTitle_Creation" time="6.929"/>
  <system-out/>
</testsuite> <!-- org.dooctiadmin.test.ConfigCreation_Test -->
