<?xml version="1.0" encoding="UTF-8"?>
<!-- Generated by org.testng.reporters.JUnitReportReporter -->
<testsuite hostname="DESKTOP-AJNVIH5" failures="0" tests="1" name="org.dooctiadmin.test.Queue_Test" time="0.857" errors="0" timestamp="2024-03-01T09:53:41 IST" skipped="0">
  <testcase classname="org.dooctiadmin.test.Queue_Test" name="Queue_Creation" time="0.857"/>
  <system-out/>
</testsuite> <!-- org.dooctiadmin.test.Queue_Test -->
