<?xml version="1.0" encoding="UTF-8"?>
<!-- Generated by org.testng.reporters.JUnitReportReporter -->
<testsuite hostname="DESKTOP-AJNVIH5" failures="0" tests="5" name="org.dooctiadmin.test.UsersGroups_Test" time="27.271" errors="0" timestamp="2024-03-06T10:14:29 IST" skipped="0">
  <testcase classname="org.dooctiadmin.test.UsersGroups_Test" name="Source_Creation" time="2.171"/>
  <system-out/>
  <testcase classname="org.dooctiadmin.test.UsersGroups_Test" name="UserGroup_Creation" time="4.797"/>
  <system-out/>
  <testcase classname="org.dooctiadmin.test.UsersGroups_Test" name="Team_Creation" time="6.759"/>
  <system-out/>
  <testcase classname="org.dooctiadmin.test.UsersGroups_Test" name="Channel_Creation" time="2.702"/>
  <system-out/>
  <testcase classname="org.dooctiadmin.test.UsersGroups_Test" name="User_Creation" time="10.842"/>
  <system-out/>
</testsuite> <!-- org.dooctiadmin.test.UsersGroups_Test -->
