<?xml version="1.0" encoding="UTF-8"?>
<!-- Generated by org.testng.reporters.JUnitReportReporter -->
<testsuite hostname="DESKTOP-AJNVIH5" failures="0" tests="1" name="org.dooctiadmin.test.CRM_Test" time="9.965" errors="0" timestamp="2024-03-08T15:26:20 IST" skipped="0">
  <testcase classname="org.dooctiadmin.test.CRM_Test" name="PreviewCampaign_Create" time="9.965"/>
  <system-out/>
</testsuite> <!-- org.dooctiadmin.test.CRM_Test -->
