<?xml version="1.0" encoding="UTF-8"?>
<!-- Generated by org.testng.reporters.JUnitReportReporter -->
<testsuite hostname="DESKTOP-AJNVIH5" failures="0" tests="1" name="org.dooctiadmin.test.CRM_Test" time="8.588" errors="0" timestamp="2024-03-11T16:11:57 IST" skipped="0">
  <testcase classname="org.dooctiadmin.test.CRM_Test" name="Lead_BulkDelete" time="8.588"/>
  <system-out/>
</testsuite> <!-- org.dooctiadmin.test.CRM_Test -->
