<?xml version="1.0" encoding="UTF-8"?>
<!-- Generated by org.testng.reporters.JUnitReportReporter -->
<testsuite hostname="DESKTOP-AJNVIH5" failures="0" tests="1" name="org.dooctiadmin.test.Trail_Test" time="0.859" errors="0" timestamp="2024-02-29T22:14:03 IST" skipped="0">
  <testcase classname="org.dooctiadmin.test.Trail_Test" name="LoginTest" time="0.859"/>
  <system-out/>
</testsuite> <!-- org.dooctiadmin.test.Trail_Test -->
