<?xml version="1.0" encoding="UTF-8"?>
<!-- Generated by org.testng.reporters.JUnitReportReporter -->
<testsuite hostname="DESKTOP-AJNVIH5" failures="0" tests="1" name="org.dooctiAgent.test.Dashboard" time="4.276" errors="0" timestamp="2024-03-13T13:38:47 IST" skipped="0">
  <testcase classname="org.dooctiAgent.test.Dashboard" name="meeting_Create" time="4.276"/>
  <system-out/>
</testsuite> <!-- org.dooctiAgent.test.Dashboard -->
